<?xml version="1.0" encoding="UTF-8"?>
<testng-results ignored="0" total="1" passed="1" failed="0" skipped="0">
  <reporter-output>
  </reporter-output>
  <suite started-at="2022-12-04T14:41:47 GMT" name="Default suite" finished-at="2022-12-04T14:41:54 GMT" duration-ms="6592">
    <groups>
    </groups>
    <test started-at="2022-12-04T14:41:47 GMT" name="Default test" finished-at="2022-12-04T14:41:54 GMT" duration-ms="6592">
      <class name="button_test.Test1">
        <test-method is-config="true" signature="SetUp()[pri:0, instance:button_test.Test1@15ff3e9e]" started-at="2022-12-04T14:41:47 GMT" name="SetUp" finished-at="2022-12-04T14:41:51 GMT" duration-ms="3050" status="PASS">
          <reporter-output>
          </reporter-output>
        </test-method> <!-- SetUp -->
        <test-method signature="linktest()[pri:0, instance:button_test.Test1@15ff3e9e]" started-at="2022-12-04T14:41:51 GMT" name="linktest" finished-at="2022-12-04T14:41:54 GMT" duration-ms="3032" status="PASS">
          <reporter-output>
          </reporter-output>
        </test-method> <!-- linktest -->
        <test-method is-config="true" signature="Close()[pri:0, instance:button_test.Test1@15ff3e9e]" started-at="2022-12-04T14:41:54 GMT" name="Close" finished-at="2022-12-04T14:41:54 GMT" duration-ms="438" status="PASS">
          <reporter-output>
          </reporter-output>
        </test-method> <!-- Close -->
      </class> <!-- button_test.Test1 -->
    </test> <!-- Default test -->
  </suite> <!-- Default suite -->
</testng-results>
